<?xml version="1.0" encoding="UTF-8"?>
<testsuite name="co.com.grupobolivar.AutomationTest" tests="1" skipped="0" failures="0" errors="0" timestamp="2021-12-04T15:06:32" hostname="Andress-Mac-mini.local" time="21.439">
  <properties/>
  <testcase name="titleTest" classname="co.com.grupobolivar.AutomationTest" time="21.439"/>
  <system-out><![CDATA[Vuelo seleccionado: VH5549
]]></system-out>
  <system-err><![CDATA[]]></system-err>
</testsuite>
